<?xml version="1.0" encoding="UTF-8"?>
<!-- Generated by org.testng.reporters.JUnitXMLReporter -->
<testsuite ignored="0" hostname="LAPTOP-OUP1O5L5" failures="1" tests="3" name="Login Tests" time="18.618" errors="0" timestamp="2025-12-22T13:07:12 TRT">
  <testcase classname="com.qa.portfolio.tests.login.LoginTest" name="forcedFailureTest" time="0.756">
    <failure type="java.lang.AssertionError" message="This test is supposed to fail! expected [true] but found [false]">
      <![CDATA[java.lang.AssertionError: This test is supposed to fail! expected [true] but found [false]
at com.qa.portfolio.tests.login.LoginTest.forcedFailureTest(LoginTest.java:69)
at java.base/java.util.ArrayList.forEach(ArrayList.java:1596)
... Removed 32 stack frames]]>
    </failure>
  </testcase> <!-- forcedFailureTest -->
  <testcase classname="com.qa.portfolio.tests.login.LoginTest" name="invalidLoginTest" time="0.828"/>
  <testcase classname="com.qa.portfolio.tests.login.LoginTest" name="validLoginTest" time="0.86"/>
</testsuite> <!-- Login Tests -->
