<?xml version="1.0" encoding="UTF-8"?>
<testng-results ignored="0" total="4" passed="3" failed="1" skipped="0">
  <reporter-output>
  </reporter-output>
  <suite started-at="2025-12-22T13:06:53 TRT" name="QA Portfolio Suite" finished-at="2025-12-22T13:07:14 TRT" duration-ms="21159">
    <groups>
    </groups>
    <test started-at="2025-12-22T13:06:53 TRT" name="Login Tests" finished-at="2025-12-22T13:07:12 TRT" duration-ms="18618">
      <class name="com.qa.portfolio.tests.login.LoginTest">
        <test-method is-config="true" signature="setUp()[pri:0, instance:com.qa.portfolio.tests.login.LoginTest@4b013c76]" started-at="2025-12-22T13:06:53 TRT" name="setUp" finished-at="2025-12-22T13:07:02 TRT" duration-ms="9149" status="PASS">
          <reporter-output>
          </reporter-output>
        </test-method> <!-- setUp -->
        <test-method signature="forcedFailureTest()[pri:0, instance:com.qa.portfolio.tests.login.LoginTest@4b013c76]" started-at="2025-12-22T13:07:03 TRT" name="forcedFailureTest" finished-at="2025-12-22T13:07:03 TRT" duration-ms="756" status="FAIL">
          <exception class="java.lang.AssertionError">
            <message>
              <![CDATA[This test is supposed to fail! expected [true] but found [false]]]>
            </message>
            <full-stacktrace>
              <![CDATA[java.lang.AssertionError: This test is supposed to fail! expected [true] but found [false]
at org.testng.Assert.fail(Assert.java:111)
at org.testng.Assert.failNotEquals(Assert.java:1578)
at org.testng.Assert.assertTrue(Assert.java:57)
at com.qa.portfolio.tests.login.LoginTest.forcedFailureTest(LoginTest.java:69)
at java.base/jdk.internal.reflect.DirectMethodHandleAccessor.invoke(DirectMethodHandleAccessor.java:103)
at java.base/java.lang.reflect.Method.invoke(Method.java:580)
at org.testng.internal.invokers.MethodInvocationHelper.invokeMethod(MethodInvocationHelper.java:141)
at org.testng.internal.invokers.TestInvoker.invokeMethod(TestInvoker.java:686)
at org.testng.internal.invokers.TestInvoker.invokeTestMethod(TestInvoker.java:230)
at org.testng.internal.invokers.MethodRunner.runInSequence(MethodRunner.java:63)
at org.testng.internal.invokers.TestInvoker$MethodInvocationAgent.invoke(TestInvoker.java:992)
at org.testng.internal.invokers.TestInvoker.invokeTestMethods(TestInvoker.java:203)
at org.testng.internal.invokers.TestMethodWorker.invokeTestMethods(TestMethodWorker.java:154)
at org.testng.internal.invokers.TestMethodWorker.run(TestMethodWorker.java:134)
at java.base/java.util.ArrayList.forEach(ArrayList.java:1596)
at org.testng.TestRunner.privateRun(TestRunner.java:739)
at org.testng.TestRunner.run(TestRunner.java:614)
at org.testng.SuiteRunner.runTest(SuiteRunner.java:421)
at org.testng.SuiteRunner.runSequentially(SuiteRunner.java:413)
at org.testng.SuiteRunner.privateRun(SuiteRunner.java:373)
at org.testng.SuiteRunner.run(SuiteRunner.java:312)
at org.testng.SuiteRunnerWorker.runSuite(SuiteRunnerWorker.java:52)
at org.testng.SuiteRunnerWorker.run(SuiteRunnerWorker.java:95)
at org.testng.TestNG.runSuitesSequentially(TestNG.java:1274)
at org.testng.TestNG.runSuitesLocally(TestNG.java:1208)
at org.testng.TestNG.runSuites(TestNG.java:1112)
at org.testng.TestNG.run(TestNG.java:1079)
at org.apache.maven.surefire.testng.TestNGExecutor.run(TestNGExecutor.java:308)
at org.apache.maven.surefire.testng.TestNGXmlTestSuite.execute(TestNGXmlTestSuite.java:71)
at org.apache.maven.surefire.testng.TestNGProvider.invoke(TestNGProvider.java:113)
at org.apache.maven.surefire.booter.ForkedBooter.runSuitesInProcess(ForkedBooter.java:385)
at org.apache.maven.surefire.booter.ForkedBooter.execute(ForkedBooter.java:162)
at org.apache.maven.surefire.booter.ForkedBooter.run(ForkedBooter.java:507)
at org.apache.maven.surefire.booter.ForkedBooter.main(ForkedBooter.java:495)
]]>
            </full-stacktrace>
          </exception> <!-- java.lang.AssertionError -->
          <reporter-output>
          </reporter-output>
        </test-method> <!-- forcedFailureTest -->
        <test-method is-config="true" signature="tearDown()[pri:0, instance:com.qa.portfolio.tests.login.LoginTest@4b013c76]" started-at="2025-12-22T13:07:04 TRT" name="tearDown" finished-at="2025-12-22T13:07:05 TRT" duration-ms="623" status="PASS">
          <reporter-output>
          </reporter-output>
        </test-method> <!-- tearDown -->
        <test-method is-config="true" signature="setUp()[pri:0, instance:com.qa.portfolio.tests.login.LoginTest@4b013c76]" started-at="2025-12-22T13:07:05 TRT" name="setUp" finished-at="2025-12-22T13:07:07 TRT" duration-ms="2391" status="PASS">
          <reporter-output>
          </reporter-output>
        </test-method> <!-- setUp -->
        <test-method signature="invalidLoginTest()[pri:0, instance:com.qa.portfolio.tests.login.LoginTest@4b013c76]" started-at="2025-12-22T13:07:07 TRT" name="invalidLoginTest" finished-at="2025-12-22T13:07:08 TRT" duration-ms="828" status="PASS">
          <reporter-output>
          </reporter-output>
        </test-method> <!-- invalidLoginTest -->
        <test-method is-config="true" signature="tearDown()[pri:0, instance:com.qa.portfolio.tests.login.LoginTest@4b013c76]" started-at="2025-12-22T13:07:08 TRT" name="tearDown" finished-at="2025-12-22T13:07:08 TRT" duration-ms="281" status="PASS">
          <reporter-output>
          </reporter-output>
        </test-method> <!-- tearDown -->
        <test-method is-config="true" signature="setUp()[pri:0, instance:com.qa.portfolio.tests.login.LoginTest@4b013c76]" started-at="2025-12-22T13:07:08 TRT" name="setUp" finished-at="2025-12-22T13:07:10 TRT" duration-ms="2144" status="PASS">
          <reporter-output>
          </reporter-output>
        </test-method> <!-- setUp -->
        <test-method signature="validLoginTest()[pri:0, instance:com.qa.portfolio.tests.login.LoginTest@4b013c76]" started-at="2025-12-22T13:07:10 TRT" name="validLoginTest" finished-at="2025-12-22T13:07:11 TRT" duration-ms="860" status="PASS">
          <reporter-output>
          </reporter-output>
        </test-method> <!-- validLoginTest -->
        <test-method is-config="true" signature="tearDown()[pri:0, instance:com.qa.portfolio.tests.login.LoginTest@4b013c76]" started-at="2025-12-22T13:07:11 TRT" name="tearDown" finished-at="2025-12-22T13:07:12 TRT" duration-ms="593" status="PASS">
          <reporter-output>
          </reporter-output>
        </test-method> <!-- tearDown -->
      </class> <!-- com.qa.portfolio.tests.login.LoginTest -->
    </test> <!-- Login Tests -->
    <test started-at="2025-12-22T13:07:12 TRT" name="Smoke Tests" finished-at="2025-12-22T13:07:14 TRT" duration-ms="2470">
      <class name="com.qa.portfolio.tests.smoke.SmokeTest">
        <test-method is-config="true" signature="setUp()[pri:0, instance:com.qa.portfolio.tests.smoke.SmokeTest@673fdbce]" started-at="2025-12-22T13:07:12 TRT" name="setUp" finished-at="2025-12-22T13:07:14 TRT" duration-ms="1918" status="PASS">
          <reporter-output>
          </reporter-output>
        </test-method> <!-- setUp -->
        <test-method signature="baseUrlLoadsTest()[pri:0, instance:com.qa.portfolio.tests.smoke.SmokeTest@673fdbce]" started-at="2025-12-22T13:07:14 TRT" name="baseUrlLoadsTest" finished-at="2025-12-22T13:07:14 TRT" duration-ms="65" status="PASS">
          <reporter-output>
          </reporter-output>
        </test-method> <!-- baseUrlLoadsTest -->
        <test-method is-config="true" signature="tearDown(org.testng.ITestResult)[pri:0, instance:com.qa.portfolio.tests.smoke.SmokeTest@673fdbce]" started-at="2025-12-22T13:07:14 TRT" name="tearDown" finished-at="2025-12-22T13:07:14 TRT" duration-ms="461" status="PASS">
          <params>
            <param index="0">
              <value>
                <![CDATA[[TestResult name=baseUrlLoadsTest status=SUCCESS method=SmokeTest.baseUrlLoadsTest()[pri:0, instance:com.qa.portfolio.tests.smoke.SmokeTest@673fdbce] output={null}]]]>
              </value>
            </param>
          </params>
          <reporter-output>
          </reporter-output>
        </test-method> <!-- tearDown -->
      </class> <!-- com.qa.portfolio.tests.smoke.SmokeTest -->
    </test> <!-- Smoke Tests -->
  </suite> <!-- QA Portfolio Suite -->
</testng-results>
